[2025-07-13 14:10:35] User 'A_Mathebula' registered with atosintern@gmail.com.
[2025-07-13 14:11:03] User 'A_Mathebula' logged in successfully.
[2025-07-13 14:20:02] Reset code sent to atosintern@gmail.com
[2025-07-13 14:20:51] User 'A_Mathebula' reset their password.
[2025-07-13 14:21:09] User 'A_Mathebula' logged in successfully.
[2025-07-13 17:58:43] Failed login attempt for 'A_Mathebula'.
[2025-07-13 17:58:54] User 'A_Mathebula' logged in successfully.
[2025-07-13 18:06:27] User 'M_Maleto' registered with atosintn@gmail.com.
[2025-07-13 18:13:25] Failed login attempt for: 
[2025-07-13 18:13:41] Failed login attempt for: M_Maleto
[2025-07-13 18:13:44] Failed login attempt for: M_Maleto
[2025-07-13 18:14:18] Failed login attempt for: M_Maleto
[2025-07-13 18:21:45] New admin signed up: Gon
[2025-07-13 18:21:50] User logged in: Gon
[2025-07-13 18:22:29] User logged in: Gon
[2025-07-13 18:26:08] New admin signed up: Push
[2025-07-13 18:26:20] Failed login attempt for: push
[2025-07-13 18:26:28] Failed login attempt for: push
[2025-07-13 18:26:34] User logged in: Push
2025-07-13 19:26:18.120540 - New user signed up: Travis (admin)
2025-07-13 19:26:38.208456 - Login success: Travis (admin)
2025-07-13 19:29:45 - New user signup: Back (admin)
2025-07-13 19:30:00 - Login success: Back (admin)
2025-07-13 19:30:10 - User deleted: Travis
2025-07-13 19:30:15 - Admin logged out
2025-07-13 19:30:29 - Login success: Back (admin)
2025-07-13 19:30:32 - Admin logged out
2025-07-13 19:30:59 - New user signup: Ashley (admin)
2025-07-13 19:31:29 - Login success: Ashley (admin)
2025-07-13 19:32:03 - Login success: Back (admin)
2025-07-13 19:32:07 - User deleted: Ashley
2025-07-13 19:32:10 - Admin logged out
2025-07-13 19:32:35 - New user signup: Ashley (admin)
2025-07-13 20:07:25 - Login success: Back (admin)
2025-07-13 20:07:32 - User deleted: Ashley
2025-07-13 20:07:36 - Admin logged out
2025-07-13 20:08:11 - New user signup: Ashley (user)
2025-07-13 20:22:35,285 - New user signed up: Kulani (user)
2025-07-13 20:22:52,692 - User Kulani logged in
2025-07-13 20:36:24,840 INFO:User 'Bob' created with role 'admin'
2025-07-13 20:37:06,941 INFO:User 'Bob' logged in.
2025-07-13 20:37:21,409 INFO:Admin deleted user 'Back'
2025-07-13 20:37:27,711 INFO:Admin deleted user 'Ashley'
2025-07-13 20:37:34,308 INFO:Admin deleted user 'Kulani'
2025-07-13 20:37:39,167 INFO:Admin logged out
2025-07-13 20:43:04,417 INFO:User 'Bob' logged in.
2025-07-13 20:43:07,392 INFO:Admin logged out
2025-07-13 20:43:32,184 INFO:Sent email to atosintern@gmail.com with subject 'Password Reset Code'
2025-07-13 20:44:11,809 INFO:Password reset code sent to Bob
2025-07-13 20:44:31,647 INFO:User 'Bob' reset password successfully
2025-07-13 20:44:44,321 INFO:User 'Bob' logged in.
2025-07-13 20:44:54,200 INFO:Admin deleted user 'Bob'
2025-07-13 20:44:56,994 INFO:Admin logged out
2025-07-14 08:50:07,694 INFO:User 'Atos' created with role 'admin'
2025-07-14 08:50:26,228 INFO:User 'Atos' logged in.
2025-07-14 08:50:37,722 INFO:Admin deleted user 'Atos'
2025-07-15 17:19:12,432 INFO: User 'Becky' created with role 'admin'
2025-07-15 17:19:26,786 INFO: User 'Becky' logged in successfully.
2025-07-15 17:19:41,621 INFO: Admin deleted user 'Shibu'
2025-07-15 17:19:48,757 INFO: Admin deleted user 'Kenny'
2025-07-15 17:19:55,992 INFO: Admin deleted user 'Becky'
2025-07-15 17:19:58,778 INFO: Admin logged out
2025-07-15 17:20:10,438 WARNING: Sign up failed: Missing fields
2025-07-15 17:20:21,751 WARNING: Sign up failed: Password too short
2025-07-15 17:20:30,269 INFO: User 'Bill' created with role 'user'
2025-07-15 17:20:40,976 INFO: User 'Bill' logged in successfully.
2025-07-15 17:20:44,401 INFO: User logged out
2025-07-15 17:20:51,761 INFO: Navigating to Password Reset screen.
2025-07-15 17:21:08,711 INFO: Sent email to mathebula.ak455@gmail.com with subject 'Password Reset Code'
2025-07-15 17:21:42,004 INFO: Reset code sent to 'Bill' at mathebula.ak455@gmail.com
2025-07-15 17:21:59,276 INFO: User 'Bill' successfully reset their password
2025-07-16 17:56:39,180 WARNING: Sign up failed: Password must contain letters
2025-07-16 17:56:53,529 INFO: User 'Baku' created successfully with role 'admin'
2025-07-16 17:57:08,918 WARNING: Login failed for 'baku' (Attempt 1/3)
2025-07-16 17:57:18,703 WARNING: Login failed for 'baku' (Attempt 2/3)
2025-07-16 17:57:23,615 INFO: Password reset requested
2025-07-16 17:57:34,834 INFO: Sent email to atosintern@gmail.com with subject 'Password Reset Code'
2025-07-16 17:57:37,161 INFO: Reset code sent to 'Baku' at atosintern@gmail.com
2025-07-16 17:59:06,727 INFO: User 'Baku' successfully reset their password
2025-07-16 17:59:16,575 WARNING: User 'baku' locked out after 3 failed attempts
2025-07-16 17:59:16,575 WARNING: Login failed for 'baku' (Attempt 3/3)
2025-07-16 17:59:58,242 INFO: User 'Ken' created successfully with role 'admin'
2025-07-16 18:00:11,195 WARNING: Login failed for 'ken' (Attempt 1/3)
2025-07-16 18:00:28,666 WARNING: Login failed for 'ken' (Attempt 2/3)
2025-07-16 18:00:39,089 INFO: Password reset requested
2025-07-16 18:00:57,989 INFO: Sent email to atosintern@gmail.com with subject 'Password Reset Code'
2025-07-16 18:01:07,751 INFO: Reset code sent to 'Ken' at atosintern@gmail.com
2025-07-16 18:01:25,777 INFO: User 'Ken' successfully reset their password
2025-07-16 18:01:34,975 WARNING: User 'ken' locked out after 3 failed attempts
2025-07-16 18:01:34,975 WARNING: Login failed for 'ken' (Attempt 3/3)
2025-07-16 18:05:54,416 WARNING: Login failed for 'ken' (Attempt 1/3)
2025-07-16 18:06:01,488 INFO: Password reset requested
2025-07-16 18:06:10,810 INFO: Sent email to atosintern@gmail.com with subject 'Password Reset Code'
2025-07-16 18:06:22,587 INFO: Reset code sent to 'Ken' at atosintern@gmail.com
2025-07-16 18:06:41,437 INFO: User 'Ken' successfully reset their password
2025-07-16 18:07:08,501 WARNING: Login failed for 'ken' (Attempt 2/3)
2025-07-16 18:14:17,364 INFO: User 'Achie' created successfully with role 'admin'
2025-07-16 18:14:28,556 WARNING: Login failed for 'achie' (Attempt 1/3)
2025-07-16 18:14:43,312 WARNING: Login failed for 'achie' (Attempt 2/3)
2025-07-16 18:14:54,707 WARNING: User 'achie' locked out after 3 failed attempts
2025-07-16 18:14:54,707 WARNING: Login failed for 'achie' (Attempt 3/3)
2025-07-22 16:07:06,308 INFO: Password reset requested
2025-07-22 16:07:16,959 INFO: Sent email to atosintern@gmail.com with subject 'Password Reset Code'
2025-07-22 16:08:05,803 INFO: Reset code sent to 'Drake' at atosintern@gmail.com
2025-07-22 16:08:23,123 INFO: User 'Drake' successfully reset their password
2025-07-22 16:08:33,774 WARNING: Login failed for 'drake' (Attempt 1/3)
2025-07-22 16:09:39,468 WARNING: Sign up failed: Password must contain letters
2025-07-22 16:09:54,986 INFO: User 'Keo' created successfully with role 'user'
2025-07-22 22:46:04,587 INFO: User 'Karabo' created successfully with role 'admin'
2025-07-22 22:46:54,284 WARNING: Login failed for 'karabo' (Attempt 1/3)
2025-07-22 22:47:10,657 INFO: Password reset requested
2025-07-22 22:47:52,593 INFO: Sent email to mathajiphoshoko@gmail.com with subject 'Password Reset Code'
2025-07-22 22:48:06,104 INFO: Reset code sent to 'Karabo' at mathajiphoshoko@gmail.com
2025-07-22 22:48:55,682 INFO: User 'Karabo' successfully reset their password
2025-08-07 10:57:54,684 INFO: Created user atosintern@gmail.com
2025-08-07 10:57:54,690 INFO: New user created: atosintern@gmail.com
2025-08-07 10:58:09,955 INFO: User 'atosintern@gmail.com' logged in successfully.
2025-08-07 10:58:30,376 INFO: User 'atosintern@gmail.com' logged in successfully.
2025-08-07 11:16:27,123 INFO: Created user mathebula.ak455@gmail.com
2025-08-07 11:16:27,124 INFO: New user created: mathebula.ak455@gmail.com
2025-08-07 11:17:15,271 INFO: Created password reset token for user_id 1
2025-08-07 11:17:15,272 INFO: Created reset token for user_id 1
2025-08-07 11:17:18,547 INFO: Sent email to atosintern@gmail.com with subject 'Password Reset Request'
2025-08-07 11:25:01,655 INFO: Created password reset token for user_id 1
2025-08-07 11:25:01,655 INFO: Created reset token for user_id 1
2025-08-07 11:25:04,598 INFO: Sent email to atosintern@gmail.com with subject 'Password Reset Request'
2025-08-07 11:26:44,602 INFO: Created password reset token for user_id 1
2025-08-07 11:26:44,602 INFO: Created reset token for user_id 1
2025-08-07 11:26:47,540 INFO: Sent email to atosintern@gmail.com with subject 'Password Reset Request'
2025-08-07 11:28:56,281 INFO: Created password reset token for user_id 1
2025-08-07 11:28:56,282 INFO: Created reset token for user_id 1
2025-08-07 11:28:59,235 INFO: Sent email to atosintern@gmail.com with subject 'Password Reset Request'
2025-08-07 11:33:08,974 INFO: Created user ashley.mathebula@atos.net
2025-08-07 11:33:08,976 INFO: New user created: ashley.mathebula@atos.net
2025-08-07 11:33:21,794 INFO: User 'ashley.mathebula@atos.net' logged in successfully.
2025-08-07 11:34:58,154 INFO: Created password reset token for user_id 3
2025-08-07 11:34:58,155 INFO: Created reset token for user_id 3
2025-08-07 11:35:01,340 INFO: Sent email to ashley.mathebula@atos.net with subject 'Password Reset Request'
2025-08-20 10:52:41,762 INFO: Created user qualitypeoleonlytrades@gmail.com
2025-08-20 10:52:41,764 INFO: New user created: qualitypeoleonlytrades@gmail.com
2025-08-20 10:53:00,210 INFO: User 'qualitypeoleonlytrades@gmail.com' logged in successfully.
2025-08-20 11:13:24,923 INFO: Created user ashley.mathebula@atos.net
2025-08-20 11:13:24,924 INFO: New user created: AshleyMathebulaashley.mathebula@atos.net
2025-08-20 11:14:16,206 INFO: User 'ashley.mathebula@atos.net' logged in successfully.
2025-08-20 14:29:53,184 INFO: User 'atosintern@gmail.com' logged in successfully.
2025-08-20 14:34:33,670 INFO: Created password reset token for user_id 1
2025-08-20 14:34:33,671 INFO: Created reset token for user_id 1
2025-08-20 14:34:36,912 INFO: Sent email to atosintern@gmail.com with subject 'Password Reset Request'
2025-08-20 14:41:45,044 INFO: Created password reset token for user_id 1
2025-08-20 14:41:45,046 INFO: Created reset token 84STE2 for user_id 1
2025-08-20 14:41:48,288 INFO: Sent email to atosintern@gmail.com with subject 'Password Reset Request'
2025-08-20 14:58:05,237 INFO: Created password reset token for user_id 1
2025-08-20 14:58:05,240 INFO: Created reset token OXIB8O for user_id 1
2025-08-20 14:58:08,316 INFO: Sent email to atosintern@gmail.com with subject 'Password Reset Request'
2025-08-20 14:58:44,190 INFO: Token not found: OXIB80
2025-08-20 14:59:03,123 INFO: Token not found: OXIB80
2025-08-20 14:59:06,372 INFO: Token not found: OXIB80
2025-08-20 15:01:11,334 INFO: Token not found: OXIB80
2025-08-20 15:27:40,883 INFO: Created password reset token EJVE67 for user_id 1
2025-08-20 15:27:40,885 INFO: Created reset token EJVE67 for user_id 1
2025-08-20 15:27:44,215 INFO: Sent email to atosintern@gmail.com with subject 'Password Reset Request'
2025-08-20 15:28:11,438 INFO: Password updated for user_id 1
2025-08-20 15:28:11,439 INFO: Password reset successful for user_id 1
2025-08-20 15:28:11,446 INFO: Marked token 9 as used
2025-08-20 15:28:24,885 INFO: User 'atosintern@gmail.com' logged in successfully.
